<?xml version="1.0" encoding="UTF-8"?>
<!-- Generated by org.testng.reporters.JUnitReportReporter -->
<testsuite hostname="LAPTOP-4BIJE3DK" failures="0" tests="2" name="package1.One" time="0.010" errors="0" timestamp="20 Oct 2021 06:03:14 GMT" skipped="1">
  <testcase classname="package1.One" name="m1" time="0.010"/>
  <testcase classname="package1.One" name="m4">
    <skipped/>
  </testcase> <!-- m4 -->
</testsuite> <!-- package1.One -->
